\BOOKMARK [0][-]{chapter.1}{Wstep}{}% 1
\BOOKMARK [1][-]{section.1.1}{Cel pracy}{chapter.1}% 2
\BOOKMARK [1][-]{section.1.2}{Zastosowane narzedzia}{chapter.1}% 3
\BOOKMARK [1][-]{section.1.3}{Zasady konkurencji Micromouse}{chapter.1}% 4
\BOOKMARK [1][-]{section.1.4}{Przeglad stosowanych w konkurencji robot\363w}{chapter.1}% 5
\BOOKMARK [2][-]{subsection.1.4.1}{Green Giant V4.2}{section.1.4}% 6
\BOOKMARK [2][-]{subsection.1.4.2}{Yukikaze}{section.1.4}% 7
\BOOKMARK [0][-]{chapter.2}{Opis uzytej konstrukcji}{}% 8
\BOOKMARK [1][-]{section.2.1}{Opis mechaniki}{chapter.2}% 9
\BOOKMARK [1][-]{section.2.2}{Opis elektroniki robota i czujnik\363w}{chapter.2}% 10
\BOOKMARK [2][-]{subsection.2.2.1}{Zyroskop i akcelerometr - dane techniczne}{section.2.2}% 11
\BOOKMARK [2][-]{subsection.2.2.2}{Enkodery - dane techniczne}{section.2.2}% 12
\BOOKMARK [2][-]{subsection.2.2.3}{Czujniki odleglosci - dane techniczne}{section.2.2}% 13
\BOOKMARK [2][-]{subsection.2.2.4}{Mikrokontroler - dane techniczne}{section.2.2}% 14
\BOOKMARK [1][-]{section.2.3}{Przetwarzanie danych pomiarowych}{chapter.2}% 15
\BOOKMARK [2][-]{subsection.2.3.1}{Pomiary z zyroskopu}{section.2.3}% 16
\BOOKMARK [2][-]{subsection.2.3.2}{Pomiary z akcelerometru}{section.2.3}% 17
\BOOKMARK [2][-]{subsection.2.3.3}{Pomiary z enkoder\363w}{section.2.3}% 18
\BOOKMARK [1][-]{section.2.4}{Podsumowanie}{chapter.2}% 19
\BOOKMARK [0][-]{chapter.3}{Model kinematyki}{}% 20
\BOOKMARK [1][-]{section.3.1}{Przyjete zalozenia}{chapter.3}% 21
\BOOKMARK [1][-]{section.3.2}{Naped r\363znicowy}{chapter.3}% 22
\BOOKMARK [1][-]{section.3.3}{Uklad odniesienia}{chapter.3}% 23
\BOOKMARK [1][-]{section.3.4}{Wyprowadzenie wzor\363w analitycznych}{chapter.3}% 24
\BOOKMARK [1][-]{section.3.5}{Przypadek szczeg\363lny}{chapter.3}% 25
\BOOKMARK [1][-]{section.3.6}{Podsumowanie}{chapter.3}% 26
\BOOKMARK [0][-]{chapter.4}{Rozszerzony filtr Kalmana}{}% 27
\BOOKMARK [1][-]{section.4.1}{Charakterystyka filtru Kalmana}{chapter.4}% 28
\BOOKMARK [1][-]{section.4.2}{Filtr Kalmana dla uklad\363w nieliniowych}{chapter.4}% 29
\BOOKMARK [1][-]{section.4.3}{Algorytm rozszerzonego filtru Kalmana}{chapter.4}% 30
\BOOKMARK [1][-]{section.4.4}{Implementacja filtru dla robota Micromouse}{chapter.4}% 31
\BOOKMARK [1][-]{section.4.5}{Testy rozwiazania}{chapter.4}% 32
\BOOKMARK [2][-]{subsection.4.5.1}{Testy orientacji}{section.4.5}% 33
\BOOKMARK [2][-]{subsection.4.5.2}{Testy jazdy po prostej}{section.4.5}% 34
\BOOKMARK [0][-]{chapter.5}{Algorytm wyszukiwania drogi w labiryncie}{}% 35
\BOOKMARK [1][-]{section.5.1}{Sposoby przeszukiwania labiryntu}{chapter.5}% 36
\BOOKMARK [2][-]{subsection.5.1.1}{Metoda podazania wzdluz sciany}{section.5.1}% 37
\BOOKMARK [2][-]{subsection.5.1.2}{Metoda wymuszania brute force}{section.5.1}% 38
\BOOKMARK [2][-]{subsection.5.1.3}{Metody grafowe-algorytm Bellmana Forda}{section.5.1}% 39
\BOOKMARK [1][-]{section.5.2}{Implementacja algorytmu Bellmana-Forda}{chapter.5}% 40
\BOOKMARK [2][-]{subsection.5.2.1}{Mapa w pamieci robota}{section.5.2}% 41
\BOOKMARK [2][-]{subsection.5.2.2}{Dzialanie algorytmu}{section.5.2}% 42
\BOOKMARK [0][-]{chapter.6}{Wnioski}{}% 43
\BOOKMARK [0][-]{chapter*.32}{Bibliografia}{}% 44
\BOOKMARK [0][-]{chapter*.32}{Spis rysunk\363w}{}% 45
\BOOKMARK [0][-]{chapter*.33}{Spis tablic}{}% 46
\BOOKMARK [0][-]{appendix.A}{Zalacznik: Schematy elektroniczne robota Ariadna}{}% 47
